<?xml version="1.0" encoding="UTF-8"?>
<testng-results skipped="0" failed="0" ignored="0" total="1" passed="1">
  <reporter-output>
  </reporter-output>
  <suite name="Default suite" duration-ms="112396" started-at="2020-07-08T13:29:31 IST" finished-at="2020-07-08T13:31:24 IST">
    <groups>
    </groups>
    <test name="Default test" duration-ms="112396" started-at="2020-07-08T13:29:31 IST" finished-at="2020-07-08T13:31:24 IST">
      <class name="SeleniumRevised.WindowHandles">
        <test-method status="PASS" signature="window()[pri:0, instance:SeleniumRevised.WindowHandles@5552768b]" name="window" duration-ms="112280" started-at="2020-07-08T13:29:32 IST" finished-at="2020-07-08T13:31:24 IST">
          <reporter-output>
          </reporter-output>
        </test-method> <!-- window -->
      </class> <!-- SeleniumRevised.WindowHandles -->
    </test> <!-- Default test -->
  </suite> <!-- Default suite -->
</testng-results>
